<?xml version="1.0" encoding="UTF-8"?>
<!-- Generated by org.testng.reporters.JUnitReportReporter -->
<testsuite skipped="0" hostname="SR-HP" name="testCases.LoginPageTest" tests="2" failures="0" timestamp="14 Feb 2021 16:49:48 GMT" time="22.708" errors="0">
  <testcase name="loginTest" time="11.614" classname="testCases.LoginPageTest"/>
  <testcase name="loginpageTitleTest" time="11.094" classname="testCases.LoginPageTest"/>
</testsuite> <!-- testCases.LoginPageTest -->
